  Compiling CUDA source file kernel.cu...
  Compiling CUDA source file lodepng.cu...
  
  C:\Users\maxwe\Documents\GitHub\ECSE420-Fall2019\ECSE420_Lab2>"C:\Program Files\NVIDIA GPU Computing Toolkit\CUDA\v10.1\bin\nvcc.exe" -gencode=arch=compute_35,code=\"sm_35,compute_35\" --use-local-env -ccbin "C:\Program Files (x86)\Microsoft Visual Studio\2019\Community\VC\Tools\MSVC\14.23.28105\bin\HostX86\x64" -x cu  -I"C:\Program Files\NVIDIA GPU Computing Toolkit\CUDA\v10.1\include" -I"C:\Program Files\NVIDIA GPU Computing Toolkit\CUDA\v10.1\include"     --keep-dir x64\Release -maxrregcount=0  --machine 64 --compile -cudart static     -DWIN32 -DWIN64 -DNDEBUG -D_CONSOLE -D_MBCS -Xcompiler "/EHsc /W3 /nologo /O2 /Fdx64\Release\vc142.pdb /FS /Zi  /MD " -o x64\Release\kernel.cu.obj "C:\Users\maxwe\Documents\GitHub\ECSE420-Fall2019\ECSE420_Lab2\kernel.cu" 
  
  C:\Users\maxwe\Documents\GitHub\ECSE420-Fall2019\ECSE420_Lab2>"C:\Program Files\NVIDIA GPU Computing Toolkit\CUDA\v10.1\bin\nvcc.exe" -gencode=arch=compute_35,code=\"sm_35,compute_35\" --use-local-env -ccbin "C:\Program Files (x86)\Microsoft Visual Studio\2019\Community\VC\Tools\MSVC\14.23.28105\bin\HostX86\x64" -x cu  -I"C:\Program Files\NVIDIA GPU Computing Toolkit\CUDA\v10.1\include" -I"C:\Program Files\NVIDIA GPU Computing Toolkit\CUDA\v10.1\include"     --keep-dir x64\Release -maxrregcount=0  --machine 64 --compile -cudart static     -DWIN32 -DWIN64 -DNDEBUG -D_CONSOLE -D_MBCS -Xcompiler "/EHsc /W3 /nologo /O2 /Fdx64\Release\vc142.pdb /FS /Zi  /MD " -o x64\Release\lodepng.cu.obj "C:\Users\maxwe\Documents\GitHub\ECSE420-Fall2019\ECSE420_Lab2\lodepng.cu" 
C:/Users/maxwe/Documents/GitHub/ECSE420-Fall2019/ECSE420_Lab2/kernel.cu(37): warning : pointless comparison of unsigned integer with zero
  
C:/Users/maxwe/Documents/GitHub/ECSE420-Fall2019/ECSE420_Lab2/kernel.cu(17): warning : variable "tl" was declared but never referenced
  
C:/Users/maxwe/Documents/GitHub/ECSE420-Fall2019/ECSE420_Lab2/kernel.cu(17): warning : variable "tr" was declared but never referenced
  
C:/Users/maxwe/Documents/GitHub/ECSE420-Fall2019/ECSE420_Lab2/kernel.cu(17): warning : variable "bl" was declared but never referenced
  
C:/Users/maxwe/Documents/GitHub/ECSE420-Fall2019/ECSE420_Lab2/kernel.cu(17): warning : variable "br" was declared but never referenced
  
C:/Users/maxwe/Documents/GitHub/ECSE420-Fall2019/ECSE420_Lab2/kernel.cu(90): warning : conversion from a string literal to "char *" is deprecated
  
C:/Users/maxwe/Documents/GitHub/ECSE420-Fall2019/ECSE420_Lab2/kernel.cu(91): warning : conversion from a string literal to "char *" is deprecated
  
C:/Users/maxwe/Documents/GitHub/ECSE420-Fall2019/ECSE420_Lab2/kernel.cu(92): warning : conversion from a string literal to "char *" is deprecated
  
C:/Users/maxwe/Documents/GitHub/ECSE420-Fall2019/ECSE420_Lab2/kernel.cu(93): warning : conversion from a string literal to "char *" is deprecated
  
C:/Users/maxwe/Documents/GitHub/ECSE420-Fall2019/ECSE420_Lab2/kernel.cu(37): warning : pointless comparison of unsigned integer with zero
  
C:/Users/maxwe/Documents/GitHub/ECSE420-Fall2019/ECSE420_Lab2/kernel.cu(90): warning : conversion from a string literal to "char *" is deprecated
  
C:/Users/maxwe/Documents/GitHub/ECSE420-Fall2019/ECSE420_Lab2/kernel.cu(91): warning : conversion from a string literal to "char *" is deprecated
  
C:/Users/maxwe/Documents/GitHub/ECSE420-Fall2019/ECSE420_Lab2/kernel.cu(92): warning : conversion from a string literal to "char *" is deprecated
  
C:/Users/maxwe/Documents/GitHub/ECSE420-Fall2019/ECSE420_Lab2/kernel.cu(93): warning : conversion from a string literal to "char *" is deprecated
  
  kernel.cu
C:\Users\maxwe\Documents\GitHub\ECSE420-Fall2019\ECSE420_Lab2\wm.h(17): warning C4305: 'initializing': truncation from 'double' to 'float'
C:/Users/maxwe/Documents/GitHub/ECSE420-Fall2019/ECSE420_Lab2/kernel.cu(63): warning C4018: '<': signed/unsigned mismatch
C:/Users/maxwe/Documents/GitHub/ECSE420-Fall2019/ECSE420_Lab2/kernel.cu(66): warning C4018: '<': signed/unsigned mismatch
C:/Users/maxwe/Documents/GitHub/ECSE420-Fall2019/ECSE420_Lab2/kernel.cu(69): warning C4018: '<': signed/unsigned mismatch
  lodepng.cu
C:/Users/maxwe/Documents/GitHub/ECSE420-Fall2019/ECSE420_Lab2/lodepng.cu(773): warning C4334: '<<': result of 32-bit shift implicitly converted to 64 bits (was 64-bit shift intended?)
C:/Users/maxwe/Documents/GitHub/ECSE420-Fall2019/ECSE420_Lab2/lodepng.cu(1437): warning C4267: '=': conversion from 'size_t' to 'int', possible loss of data
C:/Users/maxwe/Documents/GitHub/ECSE420-Fall2019/ECSE420_Lab2/lodepng.cu(1441): warning C4267: '=': conversion from 'size_t' to 'int', possible loss of data
C:/Users/maxwe/Documents/GitHub/ECSE420-Fall2019/ECSE420_Lab2/lodepng.cu(1513): warning C4267: '=': conversion from 'size_t' to 'unsigned int', possible loss of data
C:/Users/maxwe/Documents/GitHub/ECSE420-Fall2019/ECSE420_Lab2/lodepng.cu(3435): warning C4334: '<<': result of 32-bit shift implicitly converted to 64 bits (was 64-bit shift intended?)
C:/Users/maxwe/Documents/GitHub/ECSE420-Fall2019/ECSE420_Lab2/lodepng.cu(3441): warning C4267: 'argument': conversion from 'size_t' to 'unsigned int', possible loss of data
C:/Users/maxwe/Documents/GitHub/ECSE420-Fall2019/ECSE420_Lab2/lodepng.cu(4244): warning C4267: '=': conversion from 'size_t' to 'unsigned int', possible loss of data
C:/Users/maxwe/Documents/GitHub/ECSE420-Fall2019/ECSE420_Lab2/lodepng.cu(4292): warning C4267: '=': conversion from 'size_t' to 'unsigned int', possible loss of data
C:/Users/maxwe/Documents/GitHub/ECSE420-Fall2019/ECSE420_Lab2/lodepng.cu(4372): warning C4267: '=': conversion from 'size_t' to 'unsigned int', possible loss of data
C:/Users/maxwe/Documents/GitHub/ECSE420-Fall2019/ECSE420_Lab2/lodepng.cu(5312): warning C4267: 'initializing': conversion from 'size_t' to 'unsigned int', possible loss of data
     Creating library C:\Users\maxwe\Documents\GitHub\ECSE420-Fall2019\ECSE420_Lab2\x64\Release\ECSE420_Lab2.lib and object C:\Users\maxwe\Documents\GitHub\ECSE420-Fall2019\ECSE420_Lab2\x64\Release\ECSE420_Lab2.exp
  LINK : /LTCG specified but no code generation required; remove /LTCG from the link command line to improve linker performance
  ECSE420_Lab2.vcxproj -> C:\Users\maxwe\Documents\GitHub\ECSE420-Fall2019\ECSE420_Lab2\x64\Release\ECSE420_Lab2.exe
