  Compiling CUDA source file kernel.cu...
  Compiling CUDA source file lodepng.cu...
  
  C:\Users\maxwe\Documents\GitHub\ECSE420-Fall2019\ECSE420_Lab1>"C:\Program Files\NVIDIA GPU Computing Toolkit\CUDA\v10.1\bin\nvcc.exe" -gencode=arch=compute_35,code=\"sm_35,compute_35\" --use-local-env -ccbin "C:\Program Files (x86)\Microsoft Visual Studio\2019\Community\VC\Tools\MSVC\14.23.28105\bin\HostX86\x64" -x cu  -I"C:\Program Files\NVIDIA GPU Computing Toolkit\CUDA\v10.1\include" -I"C:\Program Files\NVIDIA GPU Computing Toolkit\CUDA\v10.1\include"  -G   --keep-dir x64\Debug -maxrregcount=0  --machine 64 --compile -cudart static  -g   -DWIN32 -DWIN64 -D_DEBUG -D_CONSOLE -D_MBCS -Xcompiler "/EHsc /W3 /nologo /Od /Fdx64\Debug\vc142.pdb /FS /Zi /RTC1 /MDd " -o x64\Debug\kernel.cu.obj "C:\Users\maxwe\Documents\GitHub\ECSE420-Fall2019\ECSE420_Lab1\kernel.cu" 
  
  C:\Users\maxwe\Documents\GitHub\ECSE420-Fall2019\ECSE420_Lab1>"C:\Program Files\NVIDIA GPU Computing Toolkit\CUDA\v10.1\bin\nvcc.exe" -gencode=arch=compute_35,code=\"sm_35,compute_35\" --use-local-env -ccbin "C:\Program Files (x86)\Microsoft Visual Studio\2019\Community\VC\Tools\MSVC\14.23.28105\bin\HostX86\x64" -x cu  -I"C:\Program Files\NVIDIA GPU Computing Toolkit\CUDA\v10.1\include" -I"C:\Program Files\NVIDIA GPU Computing Toolkit\CUDA\v10.1\include"  -G   --keep-dir x64\Debug -maxrregcount=0  --machine 64 --compile -cudart static  -g   -DWIN32 -DWIN64 -D_DEBUG -D_CONSOLE -D_MBCS -Xcompiler "/EHsc /W3 /nologo /Od /Fdx64\Debug\vc142.pdb /FS /Zi /RTC1 /MDd " -o x64\Debug\lodepng.cu.obj "C:\Users\maxwe\Documents\GitHub\ECSE420-Fall2019\ECSE420_Lab1\lodepng.cu" 
C:/Users/maxwe/Documents/GitHub/ECSE420-Fall2019/ECSE420_Lab1/kernel.cu(157): warning : conversion from a string literal to "char *" is deprecated
  
C:/Users/maxwe/Documents/GitHub/ECSE420-Fall2019/ECSE420_Lab1/kernel.cu(158): warning : conversion from a string literal to "char *" is deprecated
  
C:/Users/maxwe/Documents/GitHub/ECSE420-Fall2019/ECSE420_Lab1/kernel.cu(159): warning : conversion from a string literal to "char *" is deprecated
  
C:/Users/maxwe/Documents/GitHub/ECSE420-Fall2019/ECSE420_Lab1/kernel.cu(157): warning : conversion from a string literal to "char *" is deprecated
  
C:/Users/maxwe/Documents/GitHub/ECSE420-Fall2019/ECSE420_Lab1/kernel.cu(158): warning : conversion from a string literal to "char *" is deprecated
  
C:/Users/maxwe/Documents/GitHub/ECSE420-Fall2019/ECSE420_Lab1/kernel.cu(159): warning : conversion from a string literal to "char *" is deprecated
  
  kernel.cu
  lodepng.cu
C:/Users/maxwe/Documents/GitHub/ECSE420-Fall2019/ECSE420_Lab1/kernel.cu(98): warning C4018: '<': signed/unsigned mismatch
C:/Users/maxwe/Documents/GitHub/ECSE420-Fall2019/ECSE420_Lab1/kernel.cu(103): warning C4018: '<': signed/unsigned mismatch
C:/Users/maxwe/Documents/GitHub/ECSE420-Fall2019/ECSE420_Lab1/kernel.cu(135): warning C4018: '<': signed/unsigned mismatch
C:/Users/maxwe/Documents/GitHub/ECSE420-Fall2019/ECSE420_Lab1/kernel.cu(138): warning C4018: '<': signed/unsigned mismatch
C:/Users/maxwe/Documents/GitHub/ECSE420-Fall2019/ECSE420_Lab1/kernel.cu(140): warning C4018: '<': signed/unsigned mismatch
C:/Users/maxwe/Documents/GitHub/ECSE420-Fall2019/ECSE420_Lab1/lodepng.cu(773): warning C4334: '<<': result of 32-bit shift implicitly converted to 64 bits (was 64-bit shift intended?)
C:/Users/maxwe/Documents/GitHub/ECSE420-Fall2019/ECSE420_Lab1/lodepng.cu(1437): warning C4267: '=': conversion from 'size_t' to 'int', possible loss of data
C:/Users/maxwe/Documents/GitHub/ECSE420-Fall2019/ECSE420_Lab1/lodepng.cu(1441): warning C4267: '=': conversion from 'size_t' to 'int', possible loss of data
C:/Users/maxwe/Documents/GitHub/ECSE420-Fall2019/ECSE420_Lab1/lodepng.cu(1513): warning C4267: '=': conversion from 'size_t' to 'unsigned int', possible loss of data
C:/Users/maxwe/Documents/GitHub/ECSE420-Fall2019/ECSE420_Lab1/lodepng.cu(3435): warning C4334: '<<': result of 32-bit shift implicitly converted to 64 bits (was 64-bit shift intended?)
C:/Users/maxwe/Documents/GitHub/ECSE420-Fall2019/ECSE420_Lab1/lodepng.cu(3441): warning C4267: 'argument': conversion from 'size_t' to 'unsigned int', possible loss of data
C:/Users/maxwe/Documents/GitHub/ECSE420-Fall2019/ECSE420_Lab1/lodepng.cu(4244): warning C4267: '=': conversion from 'size_t' to 'unsigned int', possible loss of data
C:/Users/maxwe/Documents/GitHub/ECSE420-Fall2019/ECSE420_Lab1/lodepng.cu(4292): warning C4267: '=': conversion from 'size_t' to 'unsigned int', possible loss of data
C:/Users/maxwe/Documents/GitHub/ECSE420-Fall2019/ECSE420_Lab1/lodepng.cu(4372): warning C4267: '=': conversion from 'size_t' to 'unsigned int', possible loss of data
C:/Users/maxwe/Documents/GitHub/ECSE420-Fall2019/ECSE420_Lab1/lodepng.cu(5312): warning C4267: 'initializing': conversion from 'size_t' to 'unsigned int', possible loss of data
  lodepng_test.c
     Creating library C:\Users\maxwe\Documents\GitHub\ECSE420-Fall2019\ECSE420_Lab1\x64\Debug\ECSE420_Lab1.lib and object C:\Users\maxwe\Documents\GitHub\ECSE420-Fall2019\ECSE420_Lab1\x64\Debug\ECSE420_Lab1.exp
  ECSE420_Lab1.vcxproj -> C:\Users\maxwe\Documents\GitHub\ECSE420-Fall2019\ECSE420_Lab1\x64\Debug\ECSE420_Lab1.exe
