  Compiling CUDA source file kernel.cu...
  
  C:\Users\maxwe\Documents\GitHub\ECSE420-Fall2019\ECSE420_Lab2>"C:\Program Files\NVIDIA GPU Computing Toolkit\CUDA\v10.1\bin\nvcc.exe" -gencode=arch=compute_35,code=\"sm_35,compute_35\" --use-local-env -ccbin "C:\Program Files (x86)\Microsoft Visual Studio\2019\Community\VC\Tools\MSVC\14.23.28105\bin\HostX86\x64" -x cu  -I"C:\Program Files\NVIDIA GPU Computing Toolkit\CUDA\v10.1\include" -I"C:\Program Files\NVIDIA GPU Computing Toolkit\CUDA\v10.1\include"  -G   --keep-dir x64\Debug -maxrregcount=0  --machine 64 --compile -cudart static  -g   -DWIN32 -DWIN64 -D_DEBUG -D_CONSOLE -D_MBCS -Xcompiler "/EHsc /W3 /nologo /Od /Fdx64\Debug\vc142.pdb /FS /Zi /RTC1 /MDd " -o x64\Debug\kernel.cu.obj "C:\Users\maxwe\Documents\GitHub\ECSE420-Fall2019\ECSE420_Lab2\kernel.cu" 
C:/Users/maxwe/Documents/GitHub/ECSE420-Fall2019/ECSE420_Lab2/kernel.cu(37): warning : pointless comparison of unsigned integer with zero
  
C:/Users/maxwe/Documents/GitHub/ECSE420-Fall2019/ECSE420_Lab2/kernel.cu(17): warning : variable "tl" was declared but never referenced
  
C:/Users/maxwe/Documents/GitHub/ECSE420-Fall2019/ECSE420_Lab2/kernel.cu(17): warning : variable "tr" was declared but never referenced
  
C:/Users/maxwe/Documents/GitHub/ECSE420-Fall2019/ECSE420_Lab2/kernel.cu(17): warning : variable "bl" was declared but never referenced
  
C:/Users/maxwe/Documents/GitHub/ECSE420-Fall2019/ECSE420_Lab2/kernel.cu(17): warning : variable "br" was declared but never referenced
  
C:/Users/maxwe/Documents/GitHub/ECSE420-Fall2019/ECSE420_Lab2/kernel.cu(90): warning : conversion from a string literal to "char *" is deprecated
  
C:/Users/maxwe/Documents/GitHub/ECSE420-Fall2019/ECSE420_Lab2/kernel.cu(91): warning : conversion from a string literal to "char *" is deprecated
  
C:/Users/maxwe/Documents/GitHub/ECSE420-Fall2019/ECSE420_Lab2/kernel.cu(92): warning : conversion from a string literal to "char *" is deprecated
  
C:/Users/maxwe/Documents/GitHub/ECSE420-Fall2019/ECSE420_Lab2/kernel.cu(93): warning : conversion from a string literal to "char *" is deprecated
  
C:/Users/maxwe/Documents/GitHub/ECSE420-Fall2019/ECSE420_Lab2/kernel.cu(37): warning : pointless comparison of unsigned integer with zero
  
C:/Users/maxwe/Documents/GitHub/ECSE420-Fall2019/ECSE420_Lab2/kernel.cu(90): warning : conversion from a string literal to "char *" is deprecated
  
C:/Users/maxwe/Documents/GitHub/ECSE420-Fall2019/ECSE420_Lab2/kernel.cu(91): warning : conversion from a string literal to "char *" is deprecated
  
C:/Users/maxwe/Documents/GitHub/ECSE420-Fall2019/ECSE420_Lab2/kernel.cu(92): warning : conversion from a string literal to "char *" is deprecated
  
C:/Users/maxwe/Documents/GitHub/ECSE420-Fall2019/ECSE420_Lab2/kernel.cu(93): warning : conversion from a string literal to "char *" is deprecated
  
  kernel.cu
C:\Users\maxwe\Documents\GitHub\ECSE420-Fall2019\ECSE420_Lab2\wm.h(17): warning C4305: 'initializing': truncation from 'double' to 'float'
C:/Users/maxwe/Documents/GitHub/ECSE420-Fall2019/ECSE420_Lab2/kernel.cu(63): warning C4018: '<': signed/unsigned mismatch
C:/Users/maxwe/Documents/GitHub/ECSE420-Fall2019/ECSE420_Lab2/kernel.cu(66): warning C4018: '<': signed/unsigned mismatch
C:/Users/maxwe/Documents/GitHub/ECSE420-Fall2019/ECSE420_Lab2/kernel.cu(69): warning C4018: '<': signed/unsigned mismatch
     Creating library C:\Users\maxwe\Documents\GitHub\ECSE420-Fall2019\ECSE420_Lab2\x64\Debug\ECSE420_Lab2.lib and object C:\Users\maxwe\Documents\GitHub\ECSE420-Fall2019\ECSE420_Lab2\x64\Debug\ECSE420_Lab2.exp
  ECSE420_Lab2.vcxproj -> C:\Users\maxwe\Documents\GitHub\ECSE420-Fall2019\ECSE420_Lab2\x64\Debug\ECSE420_Lab2.exe
